# JRE version: OpenJDK Runtime Environment Temurin-21.0.9+10 (21.0.9+10) (build 21.0.9+10-LTS)
# Java VM: OpenJDK 64-Bit Server VM Temurin-21.0.9+10 (21.0.9+10-LTS, mixed mode, sharing, tiered, compressed oops, compressed class ptrs, parallel gc, windows-amd64)
GC Precious Log:
 CardTable entry size: 512
 CPUs: 8 total, 8 available
 Memory: 16220M
 Large Page Support: Disabled
 NUMA Support: Disabled
 Compressed Oops: Enabled (32-bit)
 Alignments: Space 512K, Generation 512K, Heap 2M
 Heap Min Capacity: 100M
 Heap Initial Capacity: 100M
 Heap Max Capacity: 2G
 Pre-touch: Disabled
 Parallel Workers: 8
Heap:
 PSYoungGen      total 26112K, used 22781K [0x00000000d5580000, 0x00000000d7900000, 0x0000000100000000)
  eden space 20992K, 84% used [0x00000000d5580000,0x00000000d66c6ea8,0x00000000d6a00000)
  from space 5120K, 99% used [0x00000000d6a00000,0x00000000d6ef8678,0x00000000d6f00000)
  to   space 7680K, 0% used [0x00000000d7180000,0x00000000d7180000,0x00000000d7900000)
 ParOldGen       total 68608K, used 23757K [0x0000000080000000, 0x0000000084300000, 0x00000000d5580000)
  object space 68608K, 34% used [0x0000000080000000,0x0000000081733628,0x0000000084300000)
 Metaspace       used 43000K, committed 44160K, reserved 1114112K
  class space    used 4811K, committed 5312K, reserved 1048576K
GC Heap History (20 events):
Event: 8.403 GC heap before
{Heap before GC invocations=10 (full 1):
 PSYoungGen      total 25088K, used 24712K [0x00000000d5580000, 0x00000000d7480000, 0x0000000100000000)
  eden space 24064K, 100% used [0x00000000d5580000,0x00000000d6d00000,0x00000000d6d00000)
  from space 1024K, 63% used [0x00000000d7380000,0x00000000d74220a8,0x00000000d7480000)
  to   space 2048K, 0% used [0x00000000d7080000,0x00000000d7080000,0x00000000d7280000)
 ParOldGen       total 68608K, used 12927K [0x0000000080000000, 0x0000000084300000, 0x00000000d5580000)
  object space 68608K, 18% used [0x0000000080000000,0x0000000080c9fd70,0x0000000084300000)
 Metaspace       used 26403K, committed 27264K, reserved 1114112K
  class space    used 2610K, committed 3008K, reserved 1048576K
}
Event: 8.404 GC heap after
{Heap after GC invocations=10 (full 1):
 PSYoungGen      total 25600K, used 1766K [0x00000000d5580000, 0x00000000d7400000, 0x0000000100000000)
  eden space 23552K, 0% used [0x00000000d5580000,0x00000000d5580000,0x00000000d6c80000)
  from space 2048K, 86% used [0x00000000d7080000,0x00000000d7239b68,0x00000000d7280000)
  to   space 1536K, 0% used [0x00000000d7280000,0x00000000d7280000,0x00000000d7400000)
 ParOldGen       total 68608K, used 13716K [0x0000000080000000, 0x0000000084300000, 0x00000000d5580000)
  object space 68608K, 19% used [0x0000000080000000,0x0000000080d65280,0x0000000084300000)
 Metaspace       used 26403K, committed 27264K, reserved 1114112K
  class space    used 2610K, committed 3008K, reserved 1048576K
}
Event: 8.714 GC heap before
{Heap before GC invocations=11 (full 1):
 PSYoungGen      total 25600K, used 25318K [0x00000000d5580000, 0x00000000d7400000, 0x0000000100000000)
  eden space 23552K, 100% used [0x00000000d5580000,0x00000000d6c80000,0x00000000d6c80000)
  from space 2048K, 86% used [0x00000000d7080000,0x00000000d7239b68,0x00000000d7280000)
  to   space 1536K, 0% used [0x00000000d7280000,0x00000000d7280000,0x00000000d7400000)
 ParOldGen       total 68608K, used 13716K [0x0000000080000000, 0x0000000084300000, 0x00000000d5580000)
  object space 68608K, 19% used [0x0000000080000000,0x0000000080d65280,0x0000000084300000)
 Metaspace       used 28591K, committed 29568K, reserved 1114112K
  class space    used 2819K, committed 3264K, reserved 1048576K
}
Event: 8.716 GC heap after
{Heap after GC invocations=11 (full 1):
 PSYoungGen      total 24576K, used 1527K [0x00000000d5580000, 0x00000000d7400000, 0x0000000100000000)
  eden space 23040K, 0% used [0x00000000d5580000,0x00000000d5580000,0x00000000d6c00000)
  from space 1536K, 99% used [0x00000000d7280000,0x00000000d73fdc80,0x00000000d7400000)
  to   space 3072K, 0% used [0x00000000d6e00000,0x00000000d6e00000,0x00000000d7100000)
 ParOldGen       total 68608K, used 15019K [0x0000000080000000, 0x0000000084300000, 0x00000000d5580000)
  object space 68608K, 21% used [0x0000000080000000,0x0000000080eaaf00,0x0000000084300000)
 Metaspace       used 28591K, committed 29568K, reserved 1114112K
  class space    used 2819K, committed 3264K, reserved 1048576K
}
Event: 9.050 GC heap before
{Heap before GC invocations=12 (full 1):
 PSYoungGen      total 24576K, used 24567K [0x00000000d5580000, 0x00000000d7400000, 0x0000000100000000)
  eden space 23040K, 100% used [0x00000000d5580000,0x00000000d6c00000,0x00000000d6c00000)
  from space 1536K, 99% used [0x00000000d7280000,0x00000000d73fdc80,0x00000000d7400000)
  to   space 3072K, 0% used [0x00000000d6e00000,0x00000000d6e00000,0x00000000d7100000)
 ParOldGen       total 68608K, used 15019K [0x0000000080000000, 0x0000000084300000, 0x00000000d5580000)
  object space 68608K, 21% used [0x0000000080000000,0x0000000080eaaf00,0x0000000084300000)
 Metaspace       used 31708K, committed 32704K, reserved 1114112K
  class space    used 3194K, committed 3584K, reserved 1048576K
}
Event: 9.052 GC heap after
{Heap after GC invocations=12 (full 1):
 PSYoungGen      total 24576K, used 1761K [0x00000000d5580000, 0x00000000d7300000, 0x0000000100000000)
  eden space 22528K, 0% used [0x00000000d5580000,0x00000000d5580000,0x00000000d6b80000)
  from space 2048K, 86% used [0x00000000d6e00000,0x00000000d6fb8520,0x00000000d7000000)
  to   space 2560K, 0% used [0x00000000d7080000,0x00000000d7080000,0x00000000d7300000)
 ParOldGen       total 68608K, used 16391K [0x0000000080000000, 0x0000000084300000, 0x00000000d5580000)
  object space 68608K, 23% used [0x0000000080000000,0x0000000081001d78,0x0000000084300000)
 Metaspace       used 31708K, committed 32704K, reserved 1114112K
  class space    used 3194K, committed 3584K, reserved 1048576K
}
Event: 9.267 GC heap before
{Heap before GC invocations=13 (full 1):
 PSYoungGen      total 24576K, used 24289K [0x00000000d5580000, 0x00000000d7300000, 0x0000000100000000)
  eden space 22528K, 100% used [0x00000000d5580000,0x00000000d6b80000,0x00000000d6b80000)
  from space 2048K, 86% used [0x00000000d6e00000,0x00000000d6fb8520,0x00000000d7000000)
  to   space 2560K, 0% used [0x00000000d7080000,0x00000000d7080000,0x00000000d7300000)
 ParOldGen       total 68608K, used 16391K [0x0000000080000000, 0x0000000084300000, 0x00000000d5580000)
  object space 68608K, 23% used [0x0000000080000000,0x0000000081001d78,0x0000000084300000)
 Metaspace       used 34416K, committed 35456K, reserved 1114112K
  class space    used 3588K, committed 4032K, reserved 1048576K
}
Event: 9.269 GC heap after
{Heap after GC invocations=13 (full 1):
 PSYoungGen      total 24064K, used 1856K [0x00000000d5580000, 0x00000000d7280000, 0x0000000100000000)
  eden space 22016K, 0% used [0x00000000d5580000,0x00000000d5580000,0x00000000d6b00000)
  from space 2048K, 90% used [0x00000000d7080000,0x00000000d7250000,0x00000000d7280000)
  to   space 2048K, 0% used [0x00000000d6e80000,0x00000000d6e80000,0x00000000d7080000)
 ParOldGen       total 68608K, used 17561K [0x0000000080000000, 0x0000000084300000, 0x00000000d5580000)
  object space 68608K, 25% used [0x0000000080000000,0x0000000081126790,0x0000000084300000)
 Metaspace       used 34416K, committed 35456K, reserved 1114112K
  class space    used 3588K, committed 4032K, reserved 1048576K
}
Event: 9.322 GC heap before
{Heap before GC invocations=14 (full 1):
 PSYoungGen      total 24064K, used 5517K [0x00000000d5580000, 0x00000000d7280000, 0x0000000100000000)
  eden space 22016K, 16% used [0x00000000d5580000,0x00000000d5913508,0x00000000d6b00000)
  from space 2048K, 90% used [0x00000000d7080000,0x00000000d7250000,0x00000000d7280000)
  to   space 2048K, 0% used [0x00000000d6e80000,0x00000000d6e80000,0x00000000d7080000)
 ParOldGen       total 68608K, used 17561K [0x0000000080000000, 0x0000000084300000, 0x00000000d5580000)
  object space 68608K, 25% used [0x0000000080000000,0x0000000081126790,0x0000000084300000)
 Metaspace       used 34771K, committed 35840K, reserved 1114112K
  class space    used 3643K, committed 4096K, reserved 1048576K
}
Event: 9.324 GC heap after
{Heap after GC invocations=14 (full 1):
 PSYoungGen      total 22528K, used 320K [0x00000000d5580000, 0x00000000d7100000, 0x0000000100000000)
  eden space 22016K, 0% used [0x00000000d5580000,0x00000000d5580000,0x00000000d6b00000)
  from space 512K, 62% used [0x00000000d6e80000,0x00000000d6ed0000,0x00000000d6f00000)
  to   space 1024K, 0% used [0x00000000d7000000,0x00000000d7000000,0x00000000d7100000)
 ParOldGen       total 68608K, used 19233K [0x0000000080000000, 0x0000000084300000, 0x00000000d5580000)
  object space 68608K, 28% used [0x0000000080000000,0x00000000812c8790,0x0000000084300000)
 Metaspace       used 34771K, committed 35840K, reserved 1114112K
  class space    used 3643K, committed 4096K, reserved 1048576K
}
Event: 9.324 GC heap before
{Heap before GC invocations=15 (full 2):
 PSYoungGen      total 22528K, used 320K [0x00000000d5580000, 0x00000000d7100000, 0x0000000100000000)
  eden space 22016K, 0% used [0x00000000d5580000,0x00000000d5580000,0x00000000d6b00000)
  from space 512K, 62% used [0x00000000d6e80000,0x00000000d6ed0000,0x00000000d6f00000)
  to   space 1024K, 0% used [0x00000000d7000000,0x00000000d7000000,0x00000000d7100000)
 ParOldGen       total 68608K, used 19233K [0x0000000080000000, 0x0000000084300000, 0x00000000d5580000)
  object space 68608K, 28% used [0x0000000080000000,0x00000000812c8790,0x0000000084300000)
 Metaspace       used 34771K, committed 35840K, reserved 1114112K
  class space    used 3643K, committed 4096K, reserved 1048576K
}
Event: 9.358 GC heap after
{Heap after GC invocations=15 (full 2):
 PSYoungGen      total 22528K, used 0K [0x00000000d5580000, 0x00000000d7100000, 0x0000000100000000)
  eden space 22016K, 0% used [0x00000000d5580000,0x00000000d5580000,0x00000000d6b00000)
  from space 512K, 0% used [0x00000000d6e80000,0x00000000d6e80000,0x00000000d6f00000)
  to   space 1024K, 0% used [0x00000000d7000000,0x00000000d7000000,0x00000000d7100000)
 ParOldGen       total 68608K, used 18330K [0x0000000080000000, 0x0000000084300000, 0x00000000d5580000)
  object space 68608K, 26% used [0x0000000080000000,0x00000000811e6b30,0x0000000084300000)
 Metaspace       used 34763K, committed 35840K, reserved 1114112K
  class space    used 3641K, committed 4096K, reserved 1048576K
}
Event: 9.506 GC heap before
{Heap before GC invocations=16 (full 2):
 PSYoungGen      total 22528K, used 22016K [0x00000000d5580000, 0x00000000d7100000, 0x0000000100000000)
  eden space 22016K, 100% used [0x00000000d5580000,0x00000000d6b00000,0x00000000d6b00000)
  from space 512K, 0% used [0x00000000d6e80000,0x00000000d6e80000,0x00000000d6f00000)
  to   space 1024K, 0% used [0x00000000d7000000,0x00000000d7000000,0x00000000d7100000)
 ParOldGen       total 68608K, used 18330K [0x0000000080000000, 0x0000000084300000, 0x00000000d5580000)
  object space 68608K, 26% used [0x0000000080000000,0x00000000811e6b30,0x0000000084300000)
 Metaspace       used 36906K, committed 37952K, reserved 1114112K
  class space    used 3976K, committed 4416K, reserved 1048576K
}
Event: 9.507 GC heap after
{Heap after GC invocations=16 (full 2):
 PSYoungGen      total 23040K, used 1017K [0x00000000d5580000, 0x00000000d7100000, 0x0000000100000000)
  eden space 22016K, 0% used [0x00000000d5580000,0x00000000d5580000,0x00000000d6b00000)
  from space 1024K, 99% used [0x00000000d7000000,0x00000000d70fe668,0x00000000d7100000)
  to   space 1536K, 0% used [0x00000000d6e00000,0x00000000d6e00000,0x00000000d6f80000)
 ParOldGen       total 68608K, used 18655K [0x0000000080000000, 0x0000000084300000, 0x00000000d5580000)
  object space 68608K, 27% used [0x0000000080000000,0x0000000081237d30,0x0000000084300000)
 Metaspace       used 36906K, committed 37952K, reserved 1114112K
  class space    used 3976K, committed 4416K, reserved 1048576K
}
Event: 9.720 GC heap before
{Heap before GC invocations=17 (full 2):
 PSYoungGen      total 23040K, used 23033K [0x00000000d5580000, 0x00000000d7100000, 0x0000000100000000)
  eden space 22016K, 100% used [0x00000000d5580000,0x00000000d6b00000,0x00000000d6b00000)
  from space 1024K, 99% used [0x00000000d7000000,0x00000000d70fe668,0x00000000d7100000)
  to   space 1536K, 0% used [0x00000000d6e00000,0x00000000d6e00000,0x00000000d6f80000)
 ParOldGen       total 68608K, used 18655K [0x0000000080000000, 0x0000000084300000, 0x00000000d5580000)
  object space 68608K, 27% used [0x0000000080000000,0x0000000081237d30,0x0000000084300000)
 Metaspace       used 38239K, committed 39296K, reserved 1114112K
  class space    used 4154K, committed 4608K, reserved 1048576K
}
Event: 9.722 GC heap after
{Heap after GC invocations=17 (full 2):
 PSYoungGen      total 23040K, used 969K [0x00000000d5580000, 0x00000000d7080000, 0x0000000100000000)
  eden space 22016K, 0% used [0x00000000d5580000,0x00000000d5580000,0x00000000d6b00000)
  from space 1024K, 94% used [0x00000000d6e00000,0x00000000d6ef2750,0x00000000d6f00000)
  to   space 1536K, 0% used [0x00000000d6f00000,0x00000000d6f00000,0x00000000d7080000)
 ParOldGen       total 68608K, used 19135K [0x0000000080000000, 0x0000000084300000, 0x00000000d5580000)
  object space 68608K, 27% used [0x0000000080000000,0x00000000812afd30,0x0000000084300000)
 Metaspace       used 38239K, committed 39296K, reserved 1114112K
  class space    used 4154K, committed 4608K, reserved 1048576K
}
Event: 9.905 GC heap before
{Heap before GC invocations=18 (full 2):
 PSYoungGen      total 23040K, used 20548K [0x00000000d5580000, 0x00000000d7080000, 0x0000000100000000)
  eden space 22016K, 88% used [0x00000000d5580000,0x00000000d689eb58,0x00000000d6b00000)
  from space 1024K, 94% used [0x00000000d6e00000,0x00000000d6ef2750,0x00000000d6f00000)
  to   space 1536K, 0% used [0x00000000d6f00000,0x00000000d6f00000,0x00000000d7080000)
 ParOldGen       total 68608K, used 19135K [0x0000000080000000, 0x0000000084300000, 0x00000000d5580000)
  object space 68608K, 27% used [0x0000000080000000,0x00000000812afd30,0x0000000084300000)
 Metaspace       used 39354K, committed 40448K, reserved 1114112K
  class space    used 4300K, committed 4800K, reserved 1048576K
}
Event: 9.907 GC heap after
{Heap after GC invocations=18 (full 2):
 PSYoungGen      total 22528K, used 1533K [0x00000000d5580000, 0x00000000d7500000, 0x0000000100000000)
  eden space 20992K, 0% used [0x00000000d5580000,0x00000000d5580000,0x00000000d6a00000)
  from space 1536K, 99% used [0x00000000d6f00000,0x00000000d707f7e0,0x00000000d7080000)
  to   space 5120K, 0% used [0x00000000d6a00000,0x00000000d6a00000,0x00000000d6f00000)
 ParOldGen       total 68608K, used 21891K [0x0000000080000000, 0x0000000084300000, 0x00000000d5580000)
  object space 68608K, 31% used [0x0000000080000000,0x0000000081560df0,0x0000000084300000)
 Metaspace       used 39354K, committed 40448K, reserved 1114112K
  class space    used 4300K, committed 4800K, reserved 1048576K
}
Event: 10.201 GC heap before
{Heap before GC invocations=19 (full 2):
 PSYoungGen      total 22528K, used 22525K [0x00000000d5580000, 0x00000000d7500000, 0x0000000100000000)
  eden space 20992K, 100% used [0x00000000d5580000,0x00000000d6a00000,0x00000000d6a00000)
  from space 1536K, 99% used [0x00000000d6f00000,0x00000000d707f7e0,0x00000000d7080000)
  to   space 5120K, 0% used [0x00000000d6a00000,0x00000000d6a00000,0x00000000d6f00000)
 ParOldGen       total 68608K, used 21891K [0x0000000080000000, 0x0000000084300000, 0x00000000d5580000)
  object space 68608K, 31% used [0x0000000080000000,0x0000000081560df0,0x0000000084300000)
 Metaspace       used 41039K, committed 42240K, reserved 1114112K
  class space    used 4533K, committed 5056K, reserved 1048576K
}
Event: 10.203 GC heap after
{Heap after GC invocations=19 (full 2):
 PSYoungGen      total 26112K, used 5089K [0x00000000d5580000, 0x00000000d7900000, 0x0000000100000000)
  eden space 20992K, 0% used [0x00000000d5580000,0x00000000d5580000,0x00000000d6a00000)
  from space 5120K, 99% used [0x00000000d6a00000,0x00000000d6ef8678,0x00000000d6f00000)
  to   space 7680K, 0% used [0x00000000d7180000,0x00000000d7180000,0x00000000d7900000)
 ParOldGen       total 68608K, used 23757K [0x0000000080000000, 0x0000000084300000, 0x00000000d5580000)
  object space 68608K, 34% used [0x0000000080000000,0x0000000081733628,0x0000000084300000)
 Metaspace       used 41039K, committed 42240K, reserved 1114112K
  class space    used 4533K, committed 5056K, reserved 1048576K
}

