# JRE version: OpenJDK Runtime Environment Temurin-21.0.9+10 (21.0.9+10) (build 21.0.9+10-LTS)
# Java VM: OpenJDK 64-Bit Server VM Temurin-21.0.9+10 (21.0.9+10-LTS, mixed mode, sharing, tiered, compressed oops, compressed class ptrs, parallel gc, windows-amd64)
GC Precious Log:
 CardTable entry size: 512
 CPUs: 8 total, 8 available
 Memory: 16220M
 Large Page Support: Disabled
 NUMA Support: Disabled
 Compressed Oops: Enabled (32-bit)
 Alignments: Space 512K, Generation 512K, Heap 2M
 Heap Min Capacity: 100M
 Heap Initial Capacity: 100M
 Heap Max Capacity: 2G
 Pre-touch: Disabled
 Parallel Workers: 8
Heap:
 PSYoungGen      total 20992K, used 18171K [0x00000000d5580000, 0x00000000d6d80000, 0x0000000100000000)
  eden space 19968K, 87% used [0x00000000d5580000,0x00000000d667ad80,0x00000000d6900000)
  from space 1024K, 76% used [0x00000000d6c80000,0x00000000d6d44010,0x00000000d6d80000)
  to   space 2048K, 0% used [0x00000000d6980000,0x00000000d6980000,0x00000000d6b80000)
 ParOldGen       total 68608K, used 36862K [0x0000000080000000, 0x0000000084300000, 0x00000000d5580000)
  object space 68608K, 53% used [0x0000000080000000,0x00000000823ffb68,0x0000000084300000)
 Metaspace       used 52798K, committed 54080K, reserved 1114112K
  class space    used 6300K, committed 6848K, reserved 1048576K
GC Heap History (20 events):
Event: 6.541 GC heap before
{Heap before GC invocations=17 (full 2):
 PSYoungGen      total 23552K, used 23466K [0x00000000d5580000, 0x00000000d7100000, 0x0000000100000000)
  eden space 22016K, 100% used [0x00000000d5580000,0x00000000d6b00000,0x00000000d6b00000)
  from space 1536K, 94% used [0x00000000d6f80000,0x00000000d70eaa00,0x00000000d7100000)
  to   space 2048K, 0% used [0x00000000d6d00000,0x00000000d6d00000,0x00000000d6f00000)
 ParOldGen       total 68608K, used 18518K [0x0000000080000000, 0x0000000084300000, 0x00000000d5580000)
  object space 68608K, 26% used [0x0000000080000000,0x00000000812158a0,0x0000000084300000)
 Metaspace       used 37998K, committed 39104K, reserved 1114112K
  class space    used 4123K, committed 4608K, reserved 1048576K
}
Event: 6.543 GC heap after
{Heap after GC invocations=17 (full 2):
 PSYoungGen      total 24064K, used 2029K [0x00000000d5580000, 0x00000000d7500000, 0x0000000100000000)
  eden space 22016K, 0% used [0x00000000d5580000,0x00000000d5580000,0x00000000d6b00000)
  from space 2048K, 99% used [0x00000000d6d00000,0x00000000d6efb600,0x00000000d6f00000)
  to   space 5120K, 0% used [0x00000000d7000000,0x00000000d7000000,0x00000000d7500000)
 ParOldGen       total 68608K, used 20794K [0x0000000080000000, 0x0000000084300000, 0x00000000d5580000)
  object space 68608K, 30% used [0x0000000080000000,0x000000008144ea90,0x0000000084300000)
 Metaspace       used 37998K, committed 39104K, reserved 1114112K
  class space    used 4123K, committed 4608K, reserved 1048576K
}
Event: 6.675 GC heap before
{Heap before GC invocations=18 (full 2):
 PSYoungGen      total 24064K, used 24045K [0x00000000d5580000, 0x00000000d7500000, 0x0000000100000000)
  eden space 22016K, 100% used [0x00000000d5580000,0x00000000d6b00000,0x00000000d6b00000)
  from space 2048K, 99% used [0x00000000d6d00000,0x00000000d6efb600,0x00000000d6f00000)
  to   space 5120K, 0% used [0x00000000d7000000,0x00000000d7000000,0x00000000d7500000)
 ParOldGen       total 68608K, used 20794K [0x0000000080000000, 0x0000000084300000, 0x00000000d5580000)
  object space 68608K, 30% used [0x0000000080000000,0x000000008144ea90,0x0000000084300000)
 Metaspace       used 39466K, committed 40576K, reserved 1114112K
  class space    used 4330K, committed 4800K, reserved 1048576K
}
Event: 6.677 GC heap after
{Heap after GC invocations=18 (full 2):
 PSYoungGen      total 26624K, used 5116K [0x00000000d5580000, 0x00000000d7600000, 0x0000000100000000)
  eden space 21504K, 0% used [0x00000000d5580000,0x00000000d5580000,0x00000000d6a80000)
  from space 5120K, 99% used [0x00000000d7000000,0x00000000d74ff230,0x00000000d7500000)
  to   space 5632K, 0% used [0x00000000d6a80000,0x00000000d6a80000,0x00000000d7000000)
 ParOldGen       total 68608K, used 23142K [0x0000000080000000, 0x0000000084300000, 0x00000000d5580000)
  object space 68608K, 33% used [0x0000000080000000,0x0000000081699940,0x0000000084300000)
 Metaspace       used 39466K, committed 40576K, reserved 1114112K
  class space    used 4330K, committed 4800K, reserved 1048576K
}
Event: 6.825 GC heap before
{Heap before GC invocations=19 (full 2):
 PSYoungGen      total 26624K, used 26620K [0x00000000d5580000, 0x00000000d7600000, 0x0000000100000000)
  eden space 21504K, 100% used [0x00000000d5580000,0x00000000d6a80000,0x00000000d6a80000)
  from space 5120K, 99% used [0x00000000d7000000,0x00000000d74ff230,0x00000000d7500000)
  to   space 5632K, 0% used [0x00000000d6a80000,0x00000000d6a80000,0x00000000d7000000)
 ParOldGen       total 68608K, used 23142K [0x0000000080000000, 0x0000000084300000, 0x00000000d5580000)
  object space 68608K, 33% used [0x0000000080000000,0x0000000081699940,0x0000000084300000)
 Metaspace       used 41420K, committed 42624K, reserved 1114112K
  class space    used 4625K, committed 5120K, reserved 1048576K
}
Event: 6.827 GC heap after
{Heap after GC invocations=19 (full 2):
 PSYoungGen      total 22528K, used 736K [0x00000000d5580000, 0x00000000d7080000, 0x0000000100000000)
  eden space 21504K, 0% used [0x00000000d5580000,0x00000000d5580000,0x00000000d6a80000)
  from space 1024K, 71% used [0x00000000d6a80000,0x00000000d6b38000,0x00000000d6b80000)
  to   space 2560K, 0% used [0x00000000d6e00000,0x00000000d6e00000,0x00000000d7080000)
 ParOldGen       total 68608K, used 27957K [0x0000000080000000, 0x0000000084300000, 0x00000000d5580000)
  object space 68608K, 40% used [0x0000000080000000,0x0000000081b4d7f8,0x0000000084300000)
 Metaspace       used 41420K, committed 42624K, reserved 1114112K
  class space    used 4625K, committed 5120K, reserved 1048576K
}
Event: 7.000 GC heap before
{Heap before GC invocations=20 (full 2):
 PSYoungGen      total 22528K, used 22240K [0x00000000d5580000, 0x00000000d7080000, 0x0000000100000000)
  eden space 21504K, 100% used [0x00000000d5580000,0x00000000d6a80000,0x00000000d6a80000)
  from space 1024K, 71% used [0x00000000d6a80000,0x00000000d6b38000,0x00000000d6b80000)
  to   space 2560K, 0% used [0x00000000d6e00000,0x00000000d6e00000,0x00000000d7080000)
 ParOldGen       total 68608K, used 27957K [0x0000000080000000, 0x0000000084300000, 0x00000000d5580000)
  object space 68608K, 40% used [0x0000000080000000,0x0000000081b4d7f8,0x0000000084300000)
 Metaspace       used 43261K, committed 44480K, reserved 1114112K
  class space    used 4882K, committed 5440K, reserved 1048576K
}
Event: 7.002 GC heap after
{Heap after GC invocations=20 (full 2):
 PSYoungGen      total 22528K, used 992K [0x00000000d5580000, 0x00000000d6f00000, 0x0000000100000000)
  eden space 21504K, 0% used [0x00000000d5580000,0x00000000d5580000,0x00000000d6a80000)
  from space 1024K, 96% used [0x00000000d6e00000,0x00000000d6ef8000,0x00000000d6f00000)
  to   space 1536K, 0% used [0x00000000d6c00000,0x00000000d6c00000,0x00000000d6d80000)
 ParOldGen       total 68608K, used 28526K [0x0000000080000000, 0x0000000084300000, 0x00000000d5580000)
  object space 68608K, 41% used [0x0000000080000000,0x0000000081bdbb60,0x0000000084300000)
 Metaspace       used 43261K, committed 44480K, reserved 1114112K
  class space    used 4882K, committed 5440K, reserved 1048576K
}
Event: 7.136 GC heap before
{Heap before GC invocations=21 (full 2):
 PSYoungGen      total 22528K, used 22496K [0x00000000d5580000, 0x00000000d6f00000, 0x0000000100000000)
  eden space 21504K, 100% used [0x00000000d5580000,0x00000000d6a80000,0x00000000d6a80000)
  from space 1024K, 96% used [0x00000000d6e00000,0x00000000d6ef8000,0x00000000d6f00000)
  to   space 1536K, 0% used [0x00000000d6c00000,0x00000000d6c00000,0x00000000d6d80000)
 ParOldGen       total 68608K, used 28526K [0x0000000080000000, 0x0000000084300000, 0x00000000d5580000)
  object space 68608K, 41% used [0x0000000080000000,0x0000000081bdbb60,0x0000000084300000)
 Metaspace       used 44640K, committed 45824K, reserved 1114112K
  class space    used 5064K, committed 5568K, reserved 1048576K
}
Event: 7.137 GC heap after
{Heap after GC invocations=21 (full 2):
 PSYoungGen      total 23040K, used 864K [0x00000000d5580000, 0x00000000d6e80000, 0x0000000100000000)
  eden space 21504K, 0% used [0x00000000d5580000,0x00000000d5580000,0x00000000d6a80000)
  from space 1536K, 56% used [0x00000000d6c00000,0x00000000d6cd8000,0x00000000d6d80000)
  to   space 1024K, 0% used [0x00000000d6d80000,0x00000000d6d80000,0x00000000d6e80000)
 ParOldGen       total 68608K, used 29358K [0x0000000080000000, 0x0000000084300000, 0x00000000d5580000)
  object space 68608K, 42% used [0x0000000080000000,0x0000000081cabb70,0x0000000084300000)
 Metaspace       used 44640K, committed 45824K, reserved 1114112K
  class space    used 5064K, committed 5568K, reserved 1048576K
}
Event: 7.338 GC heap before
{Heap before GC invocations=22 (full 2):
 PSYoungGen      total 23040K, used 22368K [0x00000000d5580000, 0x00000000d6e80000, 0x0000000100000000)
  eden space 21504K, 100% used [0x00000000d5580000,0x00000000d6a80000,0x00000000d6a80000)
  from space 1536K, 56% used [0x00000000d6c00000,0x00000000d6cd8000,0x00000000d6d80000)
  to   space 1024K, 0% used [0x00000000d6d80000,0x00000000d6d80000,0x00000000d6e80000)
 ParOldGen       total 68608K, used 29358K [0x0000000080000000, 0x0000000084300000, 0x00000000d5580000)
  object space 68608K, 42% used [0x0000000080000000,0x0000000081cabb70,0x0000000084300000)
 Metaspace       used 45720K, committed 46912K, reserved 1114112K
  class space    used 5216K, committed 5760K, reserved 1048576K
}
Event: 7.340 GC heap after
{Heap after GC invocations=22 (full 2):
 PSYoungGen      total 22528K, used 1024K [0x00000000d5580000, 0x00000000d6e80000, 0x0000000100000000)
  eden space 21504K, 0% used [0x00000000d5580000,0x00000000d5580000,0x00000000d6a80000)
  from space 1024K, 100% used [0x00000000d6d80000,0x00000000d6e80000,0x00000000d6e80000)
  to   space 2048K, 0% used [0x00000000d6a80000,0x00000000d6a80000,0x00000000d6c80000)
 ParOldGen       total 68608K, used 30111K [0x0000000080000000, 0x0000000084300000, 0x00000000d5580000)
  object space 68608K, 43% used [0x0000000080000000,0x0000000081d67c10,0x0000000084300000)
 Metaspace       used 45720K, committed 46912K, reserved 1114112K
  class space    used 5216K, committed 5760K, reserved 1048576K
}
Event: 7.543 GC heap before
{Heap before GC invocations=23 (full 2):
 PSYoungGen      total 22528K, used 22528K [0x00000000d5580000, 0x00000000d6e80000, 0x0000000100000000)
  eden space 21504K, 100% used [0x00000000d5580000,0x00000000d6a80000,0x00000000d6a80000)
  from space 1024K, 100% used [0x00000000d6d80000,0x00000000d6e80000,0x00000000d6e80000)
  to   space 2048K, 0% used [0x00000000d6a80000,0x00000000d6a80000,0x00000000d6c80000)
 ParOldGen       total 68608K, used 30111K [0x0000000080000000, 0x0000000084300000, 0x00000000d5580000)
  object space 68608K, 43% used [0x0000000080000000,0x0000000081d67c10,0x0000000084300000)
 Metaspace       used 46895K, committed 48064K, reserved 1114112K
  class space    used 5369K, committed 5888K, reserved 1048576K
}
Event: 7.546 GC heap after
{Heap after GC invocations=23 (full 2):
 PSYoungGen      total 23552K, used 1120K [0x00000000d5580000, 0x00000000d6e00000, 0x0000000100000000)
  eden space 21504K, 0% used [0x00000000d5580000,0x00000000d5580000,0x00000000d6a80000)
  from space 2048K, 54% used [0x00000000d6a80000,0x00000000d6b98000,0x00000000d6c80000)
  to   space 1536K, 0% used [0x00000000d6c80000,0x00000000d6c80000,0x00000000d6e00000)
 ParOldGen       total 68608K, used 31039K [0x0000000080000000, 0x0000000084300000, 0x00000000d5580000)
  object space 68608K, 45% used [0x0000000080000000,0x0000000081e4fc30,0x0000000084300000)
 Metaspace       used 46895K, committed 48064K, reserved 1114112K
  class space    used 5369K, committed 5888K, reserved 1048576K
}
Event: 7.694 GC heap before
{Heap before GC invocations=24 (full 2):
 PSYoungGen      total 23552K, used 22624K [0x00000000d5580000, 0x00000000d6e00000, 0x0000000100000000)
  eden space 21504K, 100% used [0x00000000d5580000,0x00000000d6a80000,0x00000000d6a80000)
  from space 2048K, 54% used [0x00000000d6a80000,0x00000000d6b98000,0x00000000d6c80000)
  to   space 1536K, 0% used [0x00000000d6c80000,0x00000000d6c80000,0x00000000d6e00000)
 ParOldGen       total 68608K, used 31039K [0x0000000080000000, 0x0000000084300000, 0x00000000d5580000)
  object space 68608K, 45% used [0x0000000080000000,0x0000000081e4fc30,0x0000000084300000)
 Metaspace       used 47983K, committed 49152K, reserved 1114112K
  class space    used 5491K, committed 6016K, reserved 1048576K
}
Event: 7.696 GC heap after
{Heap after GC invocations=24 (full 2):
 PSYoungGen      total 21504K, used 1534K [0x00000000d5580000, 0x00000000d7180000, 0x0000000100000000)
  eden space 19968K, 0% used [0x00000000d5580000,0x00000000d5580000,0x00000000d6900000)
  from space 1536K, 99% used [0x00000000d6c80000,0x00000000d6dffae8,0x00000000d6e00000)
  to   space 3584K, 0% used [0x00000000d6900000,0x00000000d6900000,0x00000000d6c80000)
 ParOldGen       total 68608K, used 32291K [0x0000000080000000, 0x0000000084300000, 0x00000000d5580000)
  object space 68608K, 47% used [0x0000000080000000,0x0000000081f88fb0,0x0000000084300000)
 Metaspace       used 47983K, committed 49152K, reserved 1114112K
  class space    used 5491K, committed 6016K, reserved 1048576K
}
Event: 7.947 GC heap before
{Heap before GC invocations=25 (full 2):
 PSYoungGen      total 21504K, used 21502K [0x00000000d5580000, 0x00000000d7180000, 0x0000000100000000)
  eden space 19968K, 100% used [0x00000000d5580000,0x00000000d6900000,0x00000000d6900000)
  from space 1536K, 99% used [0x00000000d6c80000,0x00000000d6dffae8,0x00000000d6e00000)
  to   space 3584K, 0% used [0x00000000d6900000,0x00000000d6900000,0x00000000d6c80000)
 ParOldGen       total 68608K, used 32291K [0x0000000080000000, 0x0000000084300000, 0x00000000d5580000)
  object space 68608K, 47% used [0x0000000080000000,0x0000000081f88fb0,0x0000000084300000)
 Metaspace       used 48582K, committed 49792K, reserved 1114112K
  class space    used 5620K, committed 6144K, reserved 1048576K
}
Event: 7.949 GC heap after
{Heap after GC invocations=25 (full 2):
 PSYoungGen      total 23552K, used 3154K [0x00000000d5580000, 0x00000000d7000000, 0x0000000100000000)
  eden space 19968K, 0% used [0x00000000d5580000,0x00000000d5580000,0x00000000d6900000)
  from space 3584K, 88% used [0x00000000d6900000,0x00000000d6c14978,0x00000000d6c80000)
  to   space 3584K, 0% used [0x00000000d6c80000,0x00000000d6c80000,0x00000000d7000000)
 ParOldGen       total 68608K, used 33843K [0x0000000080000000, 0x0000000084300000, 0x00000000d5580000)
  object space 68608K, 49% used [0x0000000080000000,0x000000008210cc90,0x0000000084300000)
 Metaspace       used 48582K, committed 49792K, reserved 1114112K
  class space    used 5620K, committed 6144K, reserved 1048576K
}
Event: 8.262 GC heap before
{Heap before GC invocations=26 (full 2):
 PSYoungGen      total 23552K, used 23122K [0x00000000d5580000, 0x00000000d7000000, 0x0000000100000000)
  eden space 19968K, 100% used [0x00000000d5580000,0x00000000d6900000,0x00000000d6900000)
  from space 3584K, 88% used [0x00000000d6900000,0x00000000d6c14978,0x00000000d6c80000)
  to   space 3584K, 0% used [0x00000000d6c80000,0x00000000d6c80000,0x00000000d7000000)
 ParOldGen       total 68608K, used 33843K [0x0000000080000000, 0x0000000084300000, 0x00000000d5580000)
  object space 68608K, 49% used [0x0000000080000000,0x000000008210cc90,0x0000000084300000)
 Metaspace       used 50866K, committed 52160K, reserved 1114112K
  class space    used 5990K, committed 6528K, reserved 1048576K
}
Event: 8.264 GC heap after
{Heap after GC invocations=26 (full 2):
 PSYoungGen      total 20992K, used 784K [0x00000000d5580000, 0x00000000d6d80000, 0x0000000100000000)
  eden space 19968K, 0% used [0x00000000d5580000,0x00000000d5580000,0x00000000d6900000)
  from space 1024K, 76% used [0x00000000d6c80000,0x00000000d6d44010,0x00000000d6d80000)
  to   space 2048K, 0% used [0x00000000d6980000,0x00000000d6980000,0x00000000d6b80000)
 ParOldGen       total 68608K, used 36862K [0x0000000080000000, 0x0000000084300000, 0x00000000d5580000)
  object space 68608K, 53% used [0x0000000080000000,0x00000000823ffb68,0x0000000084300000)
 Metaspace       used 50866K, committed 52160K, reserved 1114112K
  class space    used 5990K, committed 6528K, reserved 1048576K
}

