# JRE version: OpenJDK Runtime Environment OpenLogic-OpenJDK (17.0.14+7) (build 17.0.14+7-adhoc..jdk17u)
# Java VM: OpenJDK 64-Bit Server VM OpenLogic-OpenJDK (17.0.14+7-adhoc..jdk17u, mixed mode, sharing, tiered, compressed oops, compressed class ptrs, g1 gc, windows-amd64)
GC Precious Log:
 CPUs: 8 total, 8 available
 Memory: 16220M
 Large Page Support: Disabled
 NUMA Support: Disabled
 Compressed Oops: Enabled (32-bit)
 Heap Region Size: 1M
 Heap Min Capacity: 8M
 Heap Initial Capacity: 254M
 Heap Max Capacity: 2G
 Pre-touch: Disabled
 Parallel Workers: 8
 Concurrent Workers: 2
 Concurrent Refinement Workers: 8
 Periodic GC: Disabled
Heap:
 garbage-first heap   total 457728K, used 320734K [0x0000000080000000, 0x0000000100000000)
  region size 1024K, 10 young (10240K), 2 survivors (2048K)
 Metaspace       used 117378K, committed 119104K, reserved 1179648K
  class space    used 16295K, committed 17088K, reserved 1048576K
GC Heap History (20 events):
Event: 25.814 GC heap before
{Heap before GC invocations=56 (full 0):
 garbage-first heap   total 376832K, used 322916K [0x0000000080000000, 0x0000000100000000)
  region size 1024K, 55 young (56320K), 5 survivors (5120K)
 Metaspace       used 116024K, committed 117696K, reserved 1179648K
  class space    used 16193K, committed 16960K, reserved 1048576K
}
Event: 25.822 GC heap after
{Heap after GC invocations=57 (full 0):
 garbage-first heap   total 376832K, used 276690K [0x0000000080000000, 0x0000000100000000)
  region size 1024K, 4 young (4096K), 4 survivors (4096K)
 Metaspace       used 116024K, committed 117696K, reserved 1179648K
  class space    used 16193K, committed 16960K, reserved 1048576K
}
Event: 26.278 GC heap before
{Heap before GC invocations=57 (full 0):
 garbage-first heap   total 376832K, used 324818K [0x0000000080000000, 0x0000000100000000)
  region size 1024K, 51 young (52224K), 4 survivors (4096K)
 Metaspace       used 116135K, committed 117824K, reserved 1179648K
  class space    used 16200K, committed 16960K, reserved 1048576K
}
Event: 26.283 GC heap after
{Heap after GC invocations=58 (full 0):
 garbage-first heap   total 376832K, used 279755K [0x0000000080000000, 0x0000000100000000)
  region size 1024K, 4 young (4096K), 4 survivors (4096K)
 Metaspace       used 116135K, committed 117824K, reserved 1179648K
  class space    used 16200K, committed 16960K, reserved 1048576K
}
Event: 26.513 GC heap before
{Heap before GC invocations=58 (full 0):
 garbage-first heap   total 376832K, used 324811K [0x0000000080000000, 0x0000000100000000)
  region size 1024K, 48 young (49152K), 4 survivors (4096K)
 Metaspace       used 116244K, committed 117952K, reserved 1179648K
  class space    used 16211K, committed 17024K, reserved 1048576K
}
Event: 26.520 GC heap after
{Heap after GC invocations=59 (full 0):
 garbage-first heap   total 376832K, used 285402K [0x0000000080000000, 0x0000000100000000)
  region size 1024K, 6 young (6144K), 6 survivors (6144K)
 Metaspace       used 116244K, committed 117952K, reserved 1179648K
  class space    used 16211K, committed 17024K, reserved 1048576K
}
Event: 26.636 GC heap before
{Heap before GC invocations=59 (full 0):
 garbage-first heap   total 376832K, used 326362K [0x0000000080000000, 0x0000000100000000)
  region size 1024K, 46 young (47104K), 6 survivors (6144K)
 Metaspace       used 116307K, committed 118016K, reserved 1179648K
  class space    used 16213K, committed 17024K, reserved 1048576K
}
Event: 26.642 GC heap after
{Heap after GC invocations=60 (full 0):
 garbage-first heap   total 376832K, used 290707K [0x0000000080000000, 0x0000000100000000)
  region size 1024K, 5 young (5120K), 5 survivors (5120K)
 Metaspace       used 116307K, committed 118016K, reserved 1179648K
  class space    used 16213K, committed 17024K, reserved 1048576K
}
Event: 26.733 GC heap before
{Heap before GC invocations=60 (full 0):
 garbage-first heap   total 376832K, used 326547K [0x0000000080000000, 0x0000000100000000)
  region size 1024K, 40 young (40960K), 5 survivors (5120K)
 Metaspace       used 116342K, committed 118016K, reserved 1179648K
  class space    used 16214K, committed 17024K, reserved 1048576K
}
Event: 26.739 GC heap after
{Heap after GC invocations=61 (full 0):
 garbage-first heap   total 376832K, used 293837K [0x0000000080000000, 0x0000000100000000)
  region size 1024K, 4 young (4096K), 4 survivors (4096K)
 Metaspace       used 116342K, committed 118016K, reserved 1179648K
  class space    used 16214K, committed 17024K, reserved 1048576K
}
Event: 26.864 GC heap before
{Heap before GC invocations=61 (full 0):
 garbage-first heap   total 376832K, used 326605K [0x0000000080000000, 0x0000000100000000)
  region size 1024K, 36 young (36864K), 4 survivors (4096K)
 Metaspace       used 116381K, committed 118080K, reserved 1179648K
  class space    used 16215K, committed 17024K, reserved 1048576K
}
Event: 26.868 GC heap after
{Heap after GC invocations=62 (full 0):
 garbage-first heap   total 457728K, used 296894K [0x0000000080000000, 0x0000000100000000)
  region size 1024K, 4 young (4096K), 4 survivors (4096K)
 Metaspace       used 116381K, committed 118080K, reserved 1179648K
  class space    used 16215K, committed 17024K, reserved 1048576K
}
Event: 27.253 GC heap before
{Heap before GC invocations=62 (full 0):
 garbage-first heap   total 457728K, used 385982K [0x0000000080000000, 0x0000000100000000)
  region size 1024K, 92 young (94208K), 4 survivors (4096K)
 Metaspace       used 116621K, committed 118336K, reserved 1179648K
  class space    used 16226K, committed 17024K, reserved 1048576K
}
Event: 27.260 GC heap after
{Heap after GC invocations=63 (full 0):
 garbage-first heap   total 457728K, used 305246K [0x0000000080000000, 0x0000000100000000)
  region size 1024K, 12 young (12288K), 12 survivors (12288K)
 Metaspace       used 116621K, committed 118336K, reserved 1179648K
  class space    used 16226K, committed 17024K, reserved 1048576K
}
Event: 921.435 GC heap before
{Heap before GC invocations=63 (full 0):
 garbage-first heap   total 457728K, used 387166K [0x0000000080000000, 0x0000000100000000)
  region size 1024K, 93 young (95232K), 12 survivors (12288K)
 Metaspace       used 116950K, committed 118656K, reserved 1179648K
  class space    used 16237K, committed 17024K, reserved 1048576K
}
Event: 921.444 GC heap after
{Heap after GC invocations=64 (full 0):
 garbage-first heap   total 457728K, used 311535K [0x0000000080000000, 0x0000000100000000)
  region size 1024K, 7 young (7168K), 7 survivors (7168K)
 Metaspace       used 116950K, committed 118656K, reserved 1179648K
  class space    used 16237K, committed 17024K, reserved 1048576K
}
Event: 2896.115 GC heap before
{Heap before GC invocations=64 (full 0):
 garbage-first heap   total 457728K, used 389359K [0x0000000080000000, 0x0000000100000000)
  region size 1024K, 83 young (84992K), 7 survivors (7168K)
 Metaspace       used 117061K, committed 118720K, reserved 1179648K
  class space    used 16237K, committed 17024K, reserved 1048576K
}
Event: 2896.120 GC heap after
{Heap after GC invocations=65 (full 0):
 garbage-first heap   total 457728K, used 312350K [0x0000000080000000, 0x0000000100000000)
  region size 1024K, 1 young (1024K), 1 survivors (1024K)
 Metaspace       used 117061K, committed 118720K, reserved 1179648K
  class space    used 16237K, committed 17024K, reserved 1048576K
}
Event: 4570.278 GC heap before
{Heap before GC invocations=65 (full 0):
 garbage-first heap   total 457728K, used 392222K [0x0000000080000000, 0x0000000100000000)
  region size 1024K, 80 young (81920K), 1 survivors (1024K)
 Metaspace       used 117365K, committed 119040K, reserved 1179648K
  class space    used 16295K, committed 17088K, reserved 1048576K
}
Event: 4570.281 GC heap after
{Heap after GC invocations=66 (full 0):
 garbage-first heap   total 457728K, used 313566K [0x0000000080000000, 0x0000000100000000)
  region size 1024K, 2 young (2048K), 2 survivors (2048K)
 Metaspace       used 117365K, committed 119040K, reserved 1179648K
  class space    used 16295K, committed 17088K, reserved 1048576K
}

